[1] what = execution(public static void pl.edu.pw.zmwo.repo.Main.main(java.lang.String[]))
[1] where = Main.java:5
[1] arg = class [Ljava.lang.String;
[2] what = execution(public static pl.edu.pw.zmwo.repo.Task.Status[] pl.edu.pw.zmwo.repo.Task.Status.values())
[2] where = Task.java:1
[2] execution time = 3419 [ns]
[2] return type = class [Lpl.edu.pw.zmwo.repo.Task$Status;
[3] what = execution(public void pl.edu.pw.zmwo.repo.Project.addTask(pl.edu.pw.zmwo.repo.Task))
[3] where = Project.java:35
[3] arg = class pl.edu.pw.zmwo.repo.Task
[4] what = execution(public java.lang.Integer pl.edu.pw.zmwo.repo.Task.getId())
[4] where = Task.java:48
[4] execution time = 1248 [ns]
[4] return type = class java.lang.Integer
[3] execution time = 347784 [ns]
[3] return type = null
[5] what = execution(public void pl.edu.pw.zmwo.repo.Project.addTask(pl.edu.pw.zmwo.repo.Task))
[5] where = Project.java:35
[5] arg = class pl.edu.pw.zmwo.repo.Task
[6] what = execution(public java.lang.Integer pl.edu.pw.zmwo.repo.Task.getId())
[6] where = Task.java:48
[6] execution time = 347 [ns]
[6] return type = class java.lang.Integer
[5] execution time = 309149 [ns]
[5] return type = null
[7] what = execution(public void pl.edu.pw.zmwo.repo.Project.addTask(pl.edu.pw.zmwo.repo.Task))
[7] where = Project.java:35
[7] arg = class pl.edu.pw.zmwo.repo.Task
[8] what = execution(public java.lang.Integer pl.edu.pw.zmwo.repo.Task.getId())
[8] where = Task.java:48
[8] execution time = 275 [ns]
[8] return type = class java.lang.Integer
[7] execution time = 305919 [ns]
[7] return type = null
[9] what = execution(public void pl.edu.pw.zmwo.repo.Repository.addProject(pl.edu.pw.zmwo.repo.Project))
[9] where = Repository.java:27
[9] arg = class pl.edu.pw.zmwo.repo.Project
[10] what = execution(public java.lang.String pl.edu.pw.zmwo.repo.Project.getName())
[10] where = Project.java:22
[10] execution time = 1356 [ns]
[10] return type = class java.lang.String
[9] execution time = 2774267 [ns]
[9] return type = null
[11] what = execution(public void pl.edu.pw.zmwo.repo.ProjectExporter.export(pl.edu.pw.zmwo.repo.Project, java.io.PrintStream))
[11] where = ProjectExporter.java:7
[11] arg = class pl.edu.pw.zmwo.repo.Project
[11] arg = class java.io.PrintStream
[12] what = execution(public java.lang.String pl.edu.pw.zmwo.repo.Project.getName())
[12] where = Project.java:22
[12] execution time = 386 [ns]
[12] return type = class java.lang.String
[13] what = execution(public java.util.List pl.edu.pw.zmwo.repo.Project.getTasks())
[13] where = Project.java:26
[13] execution time = 75004 [ns]
[13] return type = class java.util.LinkedList
[14] what = execution(public java.lang.Integer pl.edu.pw.zmwo.repo.Task.getId())
[14] where = Task.java:48
[14] execution time = 213 [ns]
[14] return type = class java.lang.Integer
[15] what = execution(public java.lang.String pl.edu.pw.zmwo.repo.Task.getDescription())
[15] where = Task.java:40
[15] execution time = 1923 [ns]
[15] return type = class java.lang.String
[16] what = execution(public pl.edu.pw.zmwo.repo.Employee pl.edu.pw.zmwo.repo.Task.getReporter())
[16] where = Task.java:32
[16] execution time = 1588 [ns]
[16] return type = class pl.edu.pw.zmwo.repo.Employee
[17] what = execution(public java.lang.String pl.edu.pw.zmwo.repo.Employee.getName())
[17] where = Employee.java:16
[17] execution time = 1676 [ns]
[17] return type = class java.lang.String
[18] what = execution(public pl.edu.pw.zmwo.repo.Employee pl.edu.pw.zmwo.repo.Task.getReporter())
[18] where = Task.java:32
[18] execution time = 259 [ns]
[18] return type = class pl.edu.pw.zmwo.repo.Employee
[19] what = execution(public java.lang.String pl.edu.pw.zmwo.repo.Employee.getLastName())
[19] where = Employee.java:20
[19] execution time = 1793 [ns]
[19] return type = class java.lang.String
[20] what = execution(public pl.edu.pw.zmwo.repo.Employee pl.edu.pw.zmwo.repo.Task.getAssignee())
[20] where = Task.java:24
[20] execution time = 1813 [ns]
[20] return type = class pl.edu.pw.zmwo.repo.Employee
[21] what = execution(public java.lang.String pl.edu.pw.zmwo.repo.Employee.getName())
[21] where = Employee.java:16
[21] execution time = 256 [ns]
[21] return type = class java.lang.String
[22] what = execution(public pl.edu.pw.zmwo.repo.Employee pl.edu.pw.zmwo.repo.Task.getAssignee())
[22] where = Task.java:24
[22] execution time = 256 [ns]
[22] return type = class pl.edu.pw.zmwo.repo.Employee
[23] what = execution(public java.lang.String pl.edu.pw.zmwo.repo.Employee.getLastName())
[23] where = Employee.java:20
[23] execution time = 237 [ns]
[23] return type = class java.lang.String
[24] what = execution(public pl.edu.pw.zmwo.repo.Task.Status pl.edu.pw.zmwo.repo.Task.getStatus())
[24] where = Task.java:52
[24] execution time = 1611 [ns]
[24] return type = class pl.edu.pw.zmwo.repo.Task$Status
[25] what = execution(public java.lang.Integer pl.edu.pw.zmwo.repo.Task.getId())
[25] where = Task.java:48
[25] execution time = 250 [ns]
[25] return type = class java.lang.Integer
[26] what = execution(public java.lang.String pl.edu.pw.zmwo.repo.Task.getDescription())
[26] where = Task.java:40
[26] execution time = 245 [ns]
[26] return type = class java.lang.String
[27] what = execution(public pl.edu.pw.zmwo.repo.Employee pl.edu.pw.zmwo.repo.Task.getReporter())
[27] where = Task.java:32
[27] execution time = 212 [ns]
[27] return type = class pl.edu.pw.zmwo.repo.Employee
[28] what = execution(public java.lang.String pl.edu.pw.zmwo.repo.Employee.getName())
[28] where = Employee.java:16
[28] execution time = 196 [ns]
[28] return type = class java.lang.String
[29] what = execution(public pl.edu.pw.zmwo.repo.Employee pl.edu.pw.zmwo.repo.Task.getReporter())
[29] where = Task.java:32
[29] execution time = 214 [ns]
[29] return type = class pl.edu.pw.zmwo.repo.Employee
[30] what = execution(public java.lang.String pl.edu.pw.zmwo.repo.Employee.getLastName())
[30] where = Employee.java:20
[30] execution time = 197 [ns]
[30] return type = class java.lang.String
[31] what = execution(public pl.edu.pw.zmwo.repo.Employee pl.edu.pw.zmwo.repo.Task.getAssignee())
[31] where = Task.java:24
[31] execution time = 240 [ns]
[31] return type = class pl.edu.pw.zmwo.repo.Employee
[32] what = execution(public java.lang.String pl.edu.pw.zmwo.repo.Employee.getName())
[32] where = Employee.java:16
[32] execution time = 206 [ns]
[32] return type = class java.lang.String
[33] what = execution(public pl.edu.pw.zmwo.repo.Employee pl.edu.pw.zmwo.repo.Task.getAssignee())
[33] where = Task.java:24
[33] execution time = 199 [ns]
[33] return type = class pl.edu.pw.zmwo.repo.Employee
[34] what = execution(public java.lang.String pl.edu.pw.zmwo.repo.Employee.getLastName())
[34] where = Employee.java:20
[34] execution time = 207 [ns]
[34] return type = class java.lang.String
[35] what = execution(public pl.edu.pw.zmwo.repo.Task.Status pl.edu.pw.zmwo.repo.Task.getStatus())
[35] where = Task.java:52
[35] execution time = 426 [ns]
[35] return type = class pl.edu.pw.zmwo.repo.Task$Status
[36] what = execution(public java.util.List pl.edu.pw.zmwo.repo.Project.getDocuments())
[36] where = Project.java:47
[36] execution time = 34581 [ns]
[36] return type = class java.util.LinkedList
[11] execution time = 6998727 [ns]
[11] return type = null
[37] what = execution(public void pl.edu.pw.zmwo.repo.Project.addTask(pl.edu.pw.zmwo.repo.Task))
[37] where = Project.java:35
[37] arg = class pl.edu.pw.zmwo.repo.Task
[38] what = execution(public java.lang.Integer pl.edu.pw.zmwo.repo.Task.getId())
[38] where = Task.java:48
[38] execution time = 303 [ns]
[38] return type = class java.lang.Integer
[37] execution time = 301826 [ns]
[37] return type = null
[39] what = execution(public void pl.edu.pw.zmwo.repo.ProjectExporter.export(pl.edu.pw.zmwo.repo.Project, java.io.PrintStream))
[39] where = ProjectExporter.java:7
[39] arg = class pl.edu.pw.zmwo.repo.Project
[39] arg = class java.io.PrintStream
[40] what = execution(public java.lang.String pl.edu.pw.zmwo.repo.Project.getName())
[40] where = Project.java:22
[40] execution time = 315 [ns]
[40] return type = class java.lang.String
[41] what = execution(public java.util.List pl.edu.pw.zmwo.repo.Project.getTasks())
[41] where = Project.java:26
[41] execution time = 33113 [ns]
[41] return type = class java.util.LinkedList
[42] what = execution(public java.lang.Integer pl.edu.pw.zmwo.repo.Task.getId())
[42] where = Task.java:48
[42] execution time = 345 [ns]
[42] return type = class java.lang.Integer
[43] what = execution(public java.lang.String pl.edu.pw.zmwo.repo.Task.getDescription())
[43] where = Task.java:40
[43] execution time = 336 [ns]
[43] return type = class java.lang.String
[44] what = execution(public pl.edu.pw.zmwo.repo.Employee pl.edu.pw.zmwo.repo.Task.getReporter())
[44] where = Task.java:32
[44] execution time = 595 [ns]
[44] return type = class pl.edu.pw.zmwo.repo.Employee
[45] what = execution(public java.lang.String pl.edu.pw.zmwo.repo.Employee.getName())
[45] where = Employee.java:16
[45] execution time = 301 [ns]
[45] return type = class java.lang.String
[46] what = execution(public pl.edu.pw.zmwo.repo.Employee pl.edu.pw.zmwo.repo.Task.getReporter())
[46] where = Task.java:32
[46] execution time = 315 [ns]
[46] return type = class pl.edu.pw.zmwo.repo.Employee
[47] what = execution(public java.lang.String pl.edu.pw.zmwo.repo.Employee.getLastName())
[47] where = Employee.java:20
[47] execution time = 336 [ns]
[47] return type = class java.lang.String
[48] what = execution(public pl.edu.pw.zmwo.repo.Employee pl.edu.pw.zmwo.repo.Task.getAssignee())
[48] where = Task.java:24
[48] execution time = 300 [ns]
[48] return type = class pl.edu.pw.zmwo.repo.Employee
[49] what = execution(public java.lang.String pl.edu.pw.zmwo.repo.Employee.getName())
[49] where = Employee.java:16
[49] execution time = 299 [ns]
[49] return type = class java.lang.String
[50] what = execution(public pl.edu.pw.zmwo.repo.Employee pl.edu.pw.zmwo.repo.Task.getAssignee())
[50] where = Task.java:24
[50] execution time = 281 [ns]
[50] return type = class pl.edu.pw.zmwo.repo.Employee
[51] what = execution(public java.lang.String pl.edu.pw.zmwo.repo.Employee.getLastName())
[51] where = Employee.java:20
[51] execution time = 328 [ns]
[51] return type = class java.lang.String
[52] what = execution(public pl.edu.pw.zmwo.repo.Task.Status pl.edu.pw.zmwo.repo.Task.getStatus())
[52] where = Task.java:52
[52] execution time = 390 [ns]
[52] return type = class pl.edu.pw.zmwo.repo.Task$Status
[53] what = execution(public java.lang.Integer pl.edu.pw.zmwo.repo.Task.getId())
[53] where = Task.java:48
[53] execution time = 362 [ns]
[53] return type = class java.lang.Integer
[54] what = execution(public java.lang.String pl.edu.pw.zmwo.repo.Task.getDescription())
[54] where = Task.java:40
[54] execution time = 350 [ns]
[54] return type = class java.lang.String
[55] what = execution(public pl.edu.pw.zmwo.repo.Employee pl.edu.pw.zmwo.repo.Task.getReporter())
[55] where = Task.java:32
[55] execution time = 1283 [ns]
[55] return type = class pl.edu.pw.zmwo.repo.Employee
[56] what = execution(public java.lang.String pl.edu.pw.zmwo.repo.Employee.getName())
[56] where = Employee.java:16
[56] execution time = 325 [ns]
[56] return type = class java.lang.String
[57] what = execution(public pl.edu.pw.zmwo.repo.Employee pl.edu.pw.zmwo.repo.Task.getReporter())
[57] where = Task.java:32
[57] execution time = 252 [ns]
[57] return type = class pl.edu.pw.zmwo.repo.Employee
[58] what = execution(public java.lang.String pl.edu.pw.zmwo.repo.Employee.getLastName())
[58] where = Employee.java:20
[58] execution time = 283 [ns]
[58] return type = class java.lang.String
[59] what = execution(public pl.edu.pw.zmwo.repo.Employee pl.edu.pw.zmwo.repo.Task.getAssignee())
[59] where = Task.java:24
[59] execution time = 267 [ns]
[59] return type = class pl.edu.pw.zmwo.repo.Employee
[60] what = execution(public java.lang.String pl.edu.pw.zmwo.repo.Employee.getName())
[60] where = Employee.java:16
[60] execution time = 284 [ns]
[60] return type = class java.lang.String
[61] what = execution(public pl.edu.pw.zmwo.repo.Employee pl.edu.pw.zmwo.repo.Task.getAssignee())
[61] where = Task.java:24
[61] execution time = 331 [ns]
[61] return type = class pl.edu.pw.zmwo.repo.Employee
[62] what = execution(public java.lang.String pl.edu.pw.zmwo.repo.Employee.getLastName())
[62] where = Employee.java:20
[62] execution time = 311 [ns]
[62] return type = class java.lang.String
[63] what = execution(public pl.edu.pw.zmwo.repo.Task.Status pl.edu.pw.zmwo.repo.Task.getStatus())
[63] where = Task.java:52
[63] execution time = 378 [ns]
[63] return type = class pl.edu.pw.zmwo.repo.Task$Status
[39] execution time = 6605879 [ns]
[39] return type = null
